<?xml version="1.0" encoding="UTF-8"?>
<!-- Generated by org.testng.reporters.JUnitReportReporter -->
<testsuite hostname="DESKTOP-HLSHGSG" failures="0" tests="4" name="opencart.Application.Test.Application_Test" time="53.438" errors="0" timestamp="2023-01-11T15:48:11 IST" skipped="0">
  <testcase classname="opencart.Application.Test.Application_Test" name="Verify_Currency_DropDown" time="12.087"/>
  <system-out/>
  <testcase classname="opencart.Application.Test.Application_Test" name="Verify_Search_Box" time="10.875"/>
  <system-out/>
  <testcase classname="opencart.Application.Test.Application_Test" name="Verify_Search_Button" time="17.441"/>
  <system-out/>
  <testcase classname="opencart.Application.Test.Application_Test" name="Verify_HomePage_Title" time="13.035"/>
  <system-out/>
</testsuite> <!-- opencart.Application.Test.Application_Test -->
