<?xml version="1.0" encoding="UTF-8"?>
<!-- Generated by org.testng.reporters.JUnitReportReporter -->
<testsuite hostname="Shubham" failures="0" tests="12" name="opencart.Application.Test.Application_Test" time="126.616" errors="0" timestamp="2023-03-14T15:15:22 IST" skipped="0">
  <testcase classname="opencart.Application.Test.Application_Test" name="Verify_Currency_DropDown" time="11.342"/>
  <system-out/>
  <testcase classname="opencart.Application.Test.Application_Test" name="Verify_Search_Box" time="10.214"/>
  <system-out/>
  <testcase classname="opencart.Application.Test.Application_Test" name="Verify_Search_Button" time="9.552"/>
  <system-out/>
  <testcase classname="opencart.Application.Test.Application_Test" name="Verify_HomePage_Title" time="9.600"/>
  <system-out/>
  <testcase classname="opencart.Application.Test.Application_Test" name="Verify_Desktop_Menu" time="9.537"/>
  <system-out/>
  <testcase classname="opencart.Application.Test.Application_Test" name="VerifyLaptop_Notebooks_Menu" time="8.615"/>
  <system-out/>
  <testcase classname="opencart.Application.Test.Application_Test" name="Verify_Components_Menu" time="8.768"/>
  <system-out/>
  <testcase classname="opencart.Application.Test.Application_Test" name="Verify_Tablets_Menu" time="10.478"/>
  <system-out/>
  <testcase classname="opencart.Application.Test.Application_Test" name="Verify_Software_Menu" time="9.163"/>
  <system-out/>
  <testcase classname="opencart.Application.Test.Application_Test" name="Verify_Phones_Menu" time="21.816"/>
  <system-out/>
  <testcase classname="opencart.Application.Test.Application_Test" name="Verify_Cameras_Menu" time="9.281"/>
  <system-out/>
  <testcase classname="opencart.Application.Test.Application_Test" name="Verify_Mp3Players_Menu" time="8.250"/>
  <system-out/>
</testsuite> <!-- opencart.Application.Test.Application_Test -->
