<?xml version="1.0" encoding="UTF-8"?>
<!-- Generated by org.testng.reporters.JUnitReportReporter -->
<testsuite hostname="DESKTOP-HLSHGSG" failures="0" tests="4" name="opencart.Application.Test.Application_Test" time="75.387" errors="0" timestamp="2023-01-08T18:45:07 IST" skipped="0">
  <testcase classname="opencart.Application.Test.Application_Test" name="Verify_Currency_DropDown" time="22.754"/>
  <system-out/>
  <testcase classname="opencart.Application.Test.Application_Test" name="Verify_Search_Box" time="15.646"/>
  <system-out/>
  <testcase classname="opencart.Application.Test.Application_Test" name="Verify_Search_Button" time="17.387"/>
  <system-out/>
  <testcase classname="opencart.Application.Test.Application_Test" name="Verify_HomePage_Title" time="19.600"/>
  <system-out/>
</testsuite> <!-- opencart.Application.Test.Application_Test -->
